PUT /jcloudstestbucket HTTP/1.1
Date: Fri, 12 Apr 2013 12:27:21 GMT
Authorization: AWS 4a4361f221164e4ea340a7e6db7efbb7:ITuPJTq/MU2JAaS43vofuZUNYE0=
User-Agent: jclouds/1.5.9 java/1.6.0_27
Host: localhost:8087
Accept: text/html, image/gif, image/jpeg, *; q=.2, */*; q=.2
Connection: keep-alive
Content-Length: 0

HTTP/1.1 409 Conflict
Content-Length: 160
Content-Type: text/xml
X-Trans-Id: tx9b49197734594f6285d654bc9b75ebed
Date: Fri, 12 Apr 2013 12:27:42 GMT
Connection: keep-alive

<?xml version="1.0" encoding="UTF-8"?>
<Error>
  <Code>BucketAlreadyExists</Code>
  <Message>The requested bucket name is not available</Message>
</Error>

GET /jcloudstestbucket?acl HTTP/1.1
Date: Fri, 12 Apr 2013 12:27:22 GMT
Authorization: AWS 4a4361f221164e4ea340a7e6db7efbb7:8VWF+VIWVN0bccXqTB27XXhj2DY=
User-Agent: jclouds/1.5.9 java/1.6.0_27
Host: localhost:8087
Accept: text/html, image/gif, image/jpeg, *; q=.2, */*; q=.2
Connection: keep-alive

HTTP/1.1 200 OK
Content-Length: 447
Content-Type: text/plain
X-Trans-Id: txfbe75b23cd3c4a71a0f33b03cde9fd64
Date: Fri, 12 Apr 2013 12:27:43 GMT
Connection: keep-alive

<AccessControlPolicy>
    <Owner>
        <ID>4a4361f221164e4ea340a7e6db7efbb7</ID>
        <DisplayName>4a4361f221164e4ea340a7e6db7efbb7</DisplayName>
    </Owner>
    <AccessControlList>
        <Grant>
            <Grantee xmlns:xsi="http://www.w3.org/2001/XMLSchema-instance" xsi:type="CanonicalUser">
                <ID>4a4361f221164e4ea340a7e6db7efbb7</ID>
                <DisplayName>4a4361f221164e4ea340a7e6db7efbb7</DisplayName>
            </Grantee>
            <Permission>FULL_CONTROL</Permission>
        </Grant>
    </AccessControlList>
</AccessControlPolicy>

PUT /jcloudstestbucket/test_s3.txt HTTP/1.1
Date: Fri, 12 Apr 2013 12:27:22 GMT
Authorization: AWS 4a4361f221164e4ea340a7e6db7efbb7:PtTCtu6dbLrncqEImF2aAKBFA7U=
User-Agent: jclouds/1.5.9 java/1.6.0_27
Content-Type: application/unknown
Host: localhost:8087
Accept: text/html, image/gif, image/jpeg, *; q=.2, */*; q=.2
Connection: keep-alive
Content-Length: 32

this was uploaded with jclouds.

HTTP/1.1 404 Not Found
Content-Length: 146
Content-Type: text/xml
X-Trans-Id: tx0c198c092e11423886baeac61641b1e8
Date: Fri, 12 Apr 2013 12:27:43 GMT
Connection: keep-alive

<?xml version="1.0" encoding="UTF-8"?>
<Error>
  <Code>NoSuchBucket</Code>
  <Message>The specified bucket does not exist</Message>
</Error>

GET /jcloudstestbucket?acl HTTP/1.1
Date: Fri, 12 Apr 2013 12:27:22 GMT
Authorization: AWS 4a4361f221164e4ea340a7e6db7efbb7:8VWF+VIWVN0bccXqTB27XXhj2DY=
User-Agent: jclouds/1.5.9 java/1.6.0_27
Host: localhost:8087
Accept: text/html, image/gif, image/jpeg, *; q=.2, */*; q=.2
Connection: keep-alive

HTTP/1.1 200 OK
Content-Length: 447
Content-Type: text/plain
X-Trans-Id: txe9860590b98c41cb8173bc320e7a6a8e
Date: Fri, 12 Apr 2013 12:27:43 GMT
Connection: keep-alive

<AccessControlPolicy>
    <Owner>
        <ID>4a4361f221164e4ea340a7e6db7efbb7</ID>
        <DisplayName>4a4361f221164e4ea340a7e6db7efbb7</DisplayName>
    </Owner>
    <AccessControlList>
        <Grant>
            <Grantee xmlns:xsi="http://www.w3.org/2001/XMLSchema-instance" xsi:type="CanonicalUser">
                <ID>4a4361f221164e4ea340a7e6db7efbb7</ID>
                <DisplayName>4a4361f221164e4ea340a7e6db7efbb7</DisplayName>
            </Grantee>
            <Permission>FULL_CONTROL</Permission>
        </Grant>
    </AccessControlList>
</AccessControlPolicy>

PUT /jcloudstestbucket/test_s3.txt HTTP/1.1
Date: Fri, 12 Apr 2013 12:27:22 GMT
Authorization: AWS 4a4361f221164e4ea340a7e6db7efbb7:PtTCtu6dbLrncqEImF2aAKBFA7U=
User-Agent: jclouds/1.5.9 java/1.6.0_27
Content-Type: application/unknown
Host: localhost:8087
Accept: text/html, image/gif, image/jpeg, *; q=.2, */*; q=.2
Connection: keep-alive
Content-Length: 32

this was modified with jclouds.

HTTP/1.1 404 Not Found
Content-Length: 146
Content-Type: text/xml
X-Trans-Id: tx2de36219cf68479881808a7fdb8adb6e
Date: Fri, 12 Apr 2013 12:27:43 GMT
Connection: keep-alive

<?xml version="1.0" encoding="UTF-8"?>
<Error>
  <Code>NoSuchBucket</Code>
  <Message>The specified bucket does not exist</Message>
</Error>

DELETE /jcloudstestbucket/test_s3.txt HTTP/1.1
Date: Fri, 12 Apr 2013 12:27:23 GMT
Authorization: AWS 4a4361f221164e4ea340a7e6db7efbb7:N1rtXKs0qhPZED6oiErqUha2WM0=
User-Agent: jclouds/1.5.9 java/1.6.0_27
Host: localhost:8087
Accept: text/html, image/gif, image/jpeg, *; q=.2, */*; q=.2
Connection: keep-alive

HTTP/1.1 404 Not Found
Content-Length: 149
Content-Type: text/xml
X-Trans-Id: tx29c39ca53eea4d8cb5f3c415bef4eff2
Date: Fri, 12 Apr 2013 12:27:43 GMT
Connection: keep-alive

<?xml version="1.0" encoding="UTF-8"?>
<Error>
  <Code>NoSuchKey</Code>
  <Message>The resource you requested does not exist</Message>
</Error>

